1656412515.424768 client started (24609): version 3.0a, socket /tmp/tmux-1000/default, protocol 8
1656412515.424867 on Linux 5.4.0-121-generic #137-Ubuntu SMP Wed Jun 15 13:33:07 UTC 2022; libevent 2.1.11-stable (poll)
1656412515.424905 socket is /tmp/tmux-1000/default
1656412515.424943 trying connect
1656412515.425079 add peer 0x5597b1e2d260: 6 ((nil))
1656412515.425237 sending message 100 to peer 0x5597b1e2d260 (4 bytes)
1656412515.425249 sending message 101 to peer 0x5597b1e2d260 (15 bytes)
1656412515.425256 sending message 102 to peer 0x5597b1e2d260 (11 bytes)
1656412515.425262 sending message 108 to peer 0x5597b1e2d260 (26 bytes)
1656412515.425269 sending message 104 to peer 0x5597b1e2d260 (0 bytes)
1656412515.425275 sending message 107 to peer 0x5597b1e2d260 (4 bytes)
1656412515.425281 sending message 105 to peer 0x5597b1e2d260 (39 bytes)
1656412515.425288 sending message 105 to peer 0x5597b1e2d260 (56 bytes)
1656412515.425294 sending message 105 to peer 0x5597b1e2d260 (20 bytes)
1656412515.425300 sending message 105 to peer 0x5597b1e2d260 (54 bytes)
1656412515.425307 sending message 105 to peer 0x5597b1e2d260 (23 bytes)
1656412515.425313 sending message 105 to peer 0x5597b1e2d260 (11 bytes)
1656412515.425319 sending message 105 to peer 0x5597b1e2d260 (18 bytes)
1656412515.425325 sending message 105 to peer 0x5597b1e2d260 (36 bytes)
1656412515.425331 sending message 105 to peer 0x5597b1e2d260 (44 bytes)
1656412515.425337 sending message 105 to peer 0x5597b1e2d260 (32 bytes)
1656412515.425343 sending message 105 to peer 0x5597b1e2d260 (52 bytes)
1656412515.425349 sending message 105 to peer 0x5597b1e2d260 (28 bytes)
1656412515.425355 sending message 105 to peer 0x5597b1e2d260 (18 bytes)
1656412515.425361 sending message 105 to peer 0x5597b1e2d260 (18 bytes)
1656412515.425367 sending message 105 to peer 0x5597b1e2d260 (47 bytes)
1656412515.425373 sending message 105 to peer 0x5597b1e2d260 (23 bytes)
1656412515.425379 sending message 105 to peer 0x5597b1e2d260 (17 bytes)
1656412515.425385 sending message 105 to peer 0x5597b1e2d260 (17 bytes)
1656412515.425391 sending message 105 to peer 0x5597b1e2d260 (24 bytes)
1656412515.425396 sending message 105 to peer 0x5597b1e2d260 (21 bytes)
1656412515.425402 sending message 105 to peer 0x5597b1e2d260 (18 bytes)
1656412515.425408 sending message 105 to peer 0x5597b1e2d260 (14 bytes)
1656412515.425425 sending message 105 to peer 0x5597b1e2d260 (17 bytes)
1656412515.425432 sending message 105 to peer 0x5597b1e2d260 (15 bytes)
1656412515.425438 sending message 105 to peer 0x5597b1e2d260 (19 bytes)
1656412515.425444 sending message 105 to peer 0x5597b1e2d260 (14 bytes)
1656412515.425450 sending message 105 to peer 0x5597b1e2d260 (15 bytes)
1656412515.425457 sending message 105 to peer 0x5597b1e2d260 (16 bytes)
1656412515.425463 sending message 105 to peer 0x5597b1e2d260 (173 bytes)
1656412515.425469 sending message 105 to peer 0x5597b1e2d260 (30 bytes)
1656412515.425475 sending message 105 to peer 0x5597b1e2d260 (19 bytes)
1656412515.425482 sending message 105 to peer 0x5597b1e2d260 (18 bytes)
1656412515.425488 sending message 105 to peer 0x5597b1e2d260 (80 bytes)
1656412515.425494 sending message 105 to peer 0x5597b1e2d260 (16 bytes)
1656412515.425500 sending message 105 to peer 0x5597b1e2d260 (8 bytes)
1656412515.425506 sending message 105 to peer 0x5597b1e2d260 (19 bytes)
1656412515.425512 sending message 105 to peer 0x5597b1e2d260 (41 bytes)
1656412515.425518 sending message 105 to peer 0x5597b1e2d260 (20 bytes)
1656412515.425524 sending message 105 to peer 0x5597b1e2d260 (12 bytes)
1656412515.425530 sending message 105 to peer 0x5597b1e2d260 (16 bytes)
1656412515.425536 sending message 105 to peer 0x5597b1e2d260 (18 bytes)
1656412515.425543 sending message 105 to peer 0x5597b1e2d260 (13 bytes)
1656412515.425549 sending message 105 to peer 0x5597b1e2d260 (41 bytes)
1656412515.425555 sending message 105 to peer 0x5597b1e2d260 (45 bytes)
1656412515.425561 sending message 105 to peer 0x5597b1e2d260 (33 bytes)
1656412515.425567 sending message 105 to peer 0x5597b1e2d260 (85 bytes)
1656412515.425585 sending message 105 to peer 0x5597b1e2d260 (23 bytes)
1656412515.425593 sending message 105 to peer 0x5597b1e2d260 (31 bytes)
1656412515.425602 sending message 105 to peer 0x5597b1e2d260 (23 bytes)
1656412515.425608 sending message 105 to peer 0x5597b1e2d260 (27 bytes)
1656412515.425614 sending message 105 to peer 0x5597b1e2d260 (21 bytes)
1656412515.425620 sending message 105 to peer 0x5597b1e2d260 (20 bytes)
1656412515.425626 sending message 105 to peer 0x5597b1e2d260 (16 bytes)
1656412515.425632 sending message 105 to peer 0x5597b1e2d260 (20 bytes)
1656412515.425638 sending message 105 to peer 0x5597b1e2d260 (12 bytes)
1656412515.425644 sending message 105 to peer 0x5597b1e2d260 (20 bytes)
1656412515.425650 sending message 105 to peer 0x5597b1e2d260 (28 bytes)
1656412515.425656 sending message 105 to peer 0x5597b1e2d260 (11 bytes)
1656412515.425662 sending message 105 to peer 0x5597b1e2d260 (8 bytes)
1656412515.425668 sending message 105 to peer 0x5597b1e2d260 (32 bytes)
1656412515.425675 sending message 105 to peer 0x5597b1e2d260 (1506 bytes)
1656412515.425684 sending message 105 to peer 0x5597b1e2d260 (10 bytes)
1656412515.425690 sending message 105 to peer 0x5597b1e2d260 (26 bytes)
1656412515.425697 sending message 105 to peer 0x5597b1e2d260 (16 bytes)
1656412515.425703 sending message 105 to peer 0x5597b1e2d260 (53 bytes)
1656412515.425709 sending message 105 to peer 0x5597b1e2d260 (62 bytes)
1656412515.425715 sending message 106 to peer 0x5597b1e2d260 (0 bytes)
1656412515.425722 sending message 200 to peer 0x5597b1e2d260 (4 bytes)
1656412515.425727 client loop enter
1656412515.429401 peer 0x5597b1e2d260 message 207
1656412515.429422 sending message 208 to peer 0x5597b1e2d260 (0 bytes)
1656412518.607607 peer 0x5597b1e2d260 message 203
1656412518.607626 sending message 205 to peer 0x5597b1e2d260 (0 bytes)
1656412518.607917 peer 0x5597b1e2d260 message 204
1656412518.607925 client loop exit
